[2021-03-25 11:34:19] DEBUG 134 statementLog-{conn-10002, stmt-20000} update executed. effort 0. 57.855 millis. drop table if exists user
[2021-03-25 11:34:19] DEBUG 134 statementLog-{conn-10002, stmt-20000} update executed. effort 0. 35.8334 millis. create table user (id bigint not null auto_increment, name varchar(255), primary key (id))
[2021-03-25 11:34:19] DEBUG 134 statementLog-{conn-10002, pstmt-20001} created. insert into user (name) values (?)
[2021-03-25 11:34:19] DEBUG 134 statementLog-{conn-10002, pstmt-20001} Parameters : [TEST-NAME-1]
[2021-03-25 11:34:19] DEBUG 134 statementLog-{conn-10002, pstmt-20001} Types : [VARCHAR]
[2021-03-25 11:34:19] DEBUG 134 statementLog-{conn-10002, pstmt-20001} update executed. effort 1. 7.4925 millis. insert into user (name) values (?)
[2021-03-25 11:34:20] DEBUG 134 statementLog-{conn-10002, pstmt-20001} clearParameters. 
[2021-03-25 11:34:20] DEBUG 134 statementLog-{conn-10002, pstmt-20001} Parameters : [TEST-NAME-2]
[2021-03-25 11:34:20] DEBUG 134 statementLog-{conn-10002, pstmt-20001} Types : [VARCHAR]
[2021-03-25 11:34:20] DEBUG 134 statementLog-{conn-10002, pstmt-20001} update executed. effort 1. 2.3577 millis. insert into user (name) values (?)
[2021-03-25 11:34:20] DEBUG 134 statementLog-{conn-10002, pstmt-20001} clearParameters. 
[2021-03-25 11:34:20] DEBUG 134 statementLog-{conn-10002, pstmt-20001} Parameters : [TEST-NAME-3]
[2021-03-25 11:34:20] DEBUG 134 statementLog-{conn-10002, pstmt-20001} Types : [VARCHAR]
[2021-03-25 11:34:20] DEBUG 134 statementLog-{conn-10002, pstmt-20001} update executed. effort 1. 2.6039 millis. insert into user (name) values (?)
[2021-03-25 11:34:20] DEBUG 134 statementLog-{conn-10002, pstmt-20001} clearParameters. 
[2021-03-25 11:34:20] DEBUG 134 statementLog-{conn-10002, pstmt-20001} Parameters : [TEST-NAME-4]
[2021-03-25 11:34:20] DEBUG 134 statementLog-{conn-10002, pstmt-20001} Types : [VARCHAR]
[2021-03-25 11:34:20] DEBUG 134 statementLog-{conn-10002, pstmt-20001} update executed. effort 1. 2.6122 millis. insert into user (name) values (?)
[2021-03-25 11:34:20] DEBUG 134 statementLog-{conn-10002, pstmt-20001} clearParameters. 
[2021-03-25 11:34:20] DEBUG 134 statementLog-{conn-10002, pstmt-20001} Parameters : [TEST-NAME-5]
[2021-03-25 11:34:20] DEBUG 134 statementLog-{conn-10002, pstmt-20001} Types : [VARCHAR]
[2021-03-25 11:34:20] DEBUG 134 statementLog-{conn-10002, pstmt-20001} update executed. effort 1. 3.0417 millis. insert into user (name) values (?)
[2021-03-25 11:34:20] DEBUG 134 statementLog-{conn-10002, pstmt-20001} clearParameters. 
[2021-03-25 11:34:20] DEBUG 134 statementLog-{conn-10002, pstmt-20001} Parameters : [TEST-NAME-6]
[2021-03-25 11:34:20] DEBUG 134 statementLog-{conn-10002, pstmt-20001} Types : [VARCHAR]
[2021-03-25 11:34:20] DEBUG 134 statementLog-{conn-10002, pstmt-20001} update executed. effort 1. 2.4403 millis. insert into user (name) values (?)
[2021-03-25 11:34:20] DEBUG 134 statementLog-{conn-10002, pstmt-20001} clearParameters. 
[2021-03-25 11:34:20] DEBUG 134 statementLog-{conn-10002, pstmt-20001} Parameters : [TEST-NAME-7]
[2021-03-25 11:34:20] DEBUG 134 statementLog-{conn-10002, pstmt-20001} Types : [VARCHAR]
[2021-03-25 11:34:20] DEBUG 134 statementLog-{conn-10002, pstmt-20001} update executed. effort 1. 3.9085 millis. insert into user (name) values (?)
[2021-03-25 11:34:20] DEBUG 134 statementLog-{conn-10002, pstmt-20001} clearParameters. 
[2021-03-25 11:34:20] DEBUG 134 statementLog-{conn-10002, pstmt-20001} Parameters : [TEST-NAME-8]
[2021-03-25 11:34:20] DEBUG 134 statementLog-{conn-10002, pstmt-20001} Types : [VARCHAR]
[2021-03-25 11:34:20] DEBUG 134 statementLog-{conn-10002, pstmt-20001} update executed. effort 1. 2.2702 millis. insert into user (name) values (?)
[2021-03-25 11:34:20] DEBUG 134 statementLog-{conn-10002, pstmt-20001} clearParameters. 
[2021-03-25 11:34:20] DEBUG 134 statementLog-{conn-10002, pstmt-20001} Parameters : [TEST-NAME-9]
[2021-03-25 11:34:20] DEBUG 134 statementLog-{conn-10002, pstmt-20001} Types : [VARCHAR]
[2021-03-25 11:34:20] DEBUG 134 statementLog-{conn-10002, pstmt-20001} update executed. effort 1. 2.4021 millis. insert into user (name) values (?)
[2021-03-25 11:34:20] DEBUG 134 statementLog-{conn-10002, pstmt-20001} clearParameters. 
[2021-03-25 11:34:20] DEBUG 134 statementLog-{conn-10002, pstmt-20001} Parameters : [TEST-NAME-10]
[2021-03-25 11:34:20] DEBUG 134 statementLog-{conn-10002, pstmt-20001} Types : [VARCHAR]
[2021-03-25 11:34:20] DEBUG 134 statementLog-{conn-10002, pstmt-20001} update executed. effort 1. 1.8457 millis. insert into user (name) values (?)
[2021-03-25 11:34:20] DEBUG 134 statementLog-{conn-10002, pstmt-20001} clearParameters. 
[2021-03-25 11:34:20] DEBUG 134 statementLog-{conn-10002, pstmt-20001} Parameters : [TEST-NAME-11]
[2021-03-25 11:34:20] DEBUG 134 statementLog-{conn-10002, pstmt-20001} Types : [VARCHAR]
[2021-03-25 11:34:20] DEBUG 134 statementLog-{conn-10002, pstmt-20001} update executed. effort 1. 2.0197 millis. insert into user (name) values (?)
[2021-03-25 11:34:20] DEBUG 134 statementLog-{conn-10002, pstmt-20001} clearParameters. 
[2021-03-25 11:34:20] DEBUG 134 statementLog-{conn-10002, pstmt-20001} Parameters : [TEST-NAME-12]
[2021-03-25 11:34:20] DEBUG 134 statementLog-{conn-10002, pstmt-20001} Types : [VARCHAR]
[2021-03-25 11:34:20] DEBUG 134 statementLog-{conn-10002, pstmt-20001} update executed. effort 1. 2.777 millis. insert into user (name) values (?)
[2021-03-25 11:34:20] DEBUG 134 statementLog-{conn-10002, pstmt-20001} clearParameters. 
[2021-03-25 11:34:20] DEBUG 134 statementLog-{conn-10002, pstmt-20001} Parameters : [TEST-NAME-13]
[2021-03-25 11:34:20] DEBUG 134 statementLog-{conn-10002, pstmt-20001} Types : [VARCHAR]
[2021-03-25 11:34:20] DEBUG 134 statementLog-{conn-10002, pstmt-20001} update executed. effort 1. 2.2327 millis. insert into user (name) values (?)
[2021-03-25 11:34:20] DEBUG 134 statementLog-{conn-10002, pstmt-20001} clearParameters. 
[2021-03-25 11:34:20] DEBUG 134 statementLog-{conn-10002, pstmt-20001} Parameters : [TEST-NAME-14]
[2021-03-25 11:34:20] DEBUG 134 statementLog-{conn-10002, pstmt-20001} Types : [VARCHAR]
[2021-03-25 11:34:20] DEBUG 134 statementLog-{conn-10002, pstmt-20001} update executed. effort 1. 1.9345 millis. insert into user (name) values (?)
[2021-03-25 11:34:20] DEBUG 134 statementLog-{conn-10002, pstmt-20001} clearParameters. 
[2021-03-25 11:34:20] DEBUG 134 statementLog-{conn-10002, pstmt-20001} Parameters : [TEST-NAME-15]
[2021-03-25 11:34:20] DEBUG 134 statementLog-{conn-10002, pstmt-20001} Types : [VARCHAR]
[2021-03-25 11:34:20] DEBUG 134 statementLog-{conn-10002, pstmt-20001} update executed. effort 1. 2.4324 millis. insert into user (name) values (?)
[2021-03-25 11:34:20] DEBUG 134 statementLog-{conn-10002, pstmt-20001} clearParameters. 
[2021-03-25 11:34:20] DEBUG 134 statementLog-{conn-10002, pstmt-20001} Parameters : [TEST-NAME-16]
[2021-03-25 11:34:20] DEBUG 134 statementLog-{conn-10002, pstmt-20001} Types : [VARCHAR]
[2021-03-25 11:34:20] DEBUG 134 statementLog-{conn-10002, pstmt-20001} update executed. effort 1. 3.5812 millis. insert into user (name) values (?)
[2021-03-25 11:34:20] DEBUG 134 statementLog-{conn-10002, pstmt-20001} clearParameters. 
[2021-03-25 11:34:20] DEBUG 134 statementLog-{conn-10002, pstmt-20001} Parameters : [TEST-NAME-17]
[2021-03-25 11:34:20] DEBUG 134 statementLog-{conn-10002, pstmt-20001} Types : [VARCHAR]
[2021-03-25 11:34:20] DEBUG 134 statementLog-{conn-10002, pstmt-20001} update executed. effort 1. 2.6876 millis. insert into user (name) values (?)
[2021-03-25 11:34:20] DEBUG 134 statementLog-{conn-10002, pstmt-20001} clearParameters. 
[2021-03-25 11:34:20] DEBUG 134 statementLog-{conn-10002, pstmt-20001} Parameters : [TEST-NAME-18]
[2021-03-25 11:34:20] DEBUG 134 statementLog-{conn-10002, pstmt-20001} Types : [VARCHAR]
[2021-03-25 11:34:20] DEBUG 134 statementLog-{conn-10002, pstmt-20001} update executed. effort 1. 2.9092 millis. insert into user (name) values (?)
[2021-03-25 11:34:20] DEBUG 134 statementLog-{conn-10002, pstmt-20001} clearParameters. 
[2021-03-25 11:34:20] DEBUG 134 statementLog-{conn-10002, pstmt-20001} Parameters : [TEST-NAME-19]
[2021-03-25 11:34:20] DEBUG 134 statementLog-{conn-10002, pstmt-20001} Types : [VARCHAR]
[2021-03-25 11:34:20] DEBUG 134 statementLog-{conn-10002, pstmt-20001} update executed. effort 1. 3.1055 millis. insert into user (name) values (?)
[2021-03-25 11:34:20] DEBUG 134 statementLog-{conn-10002, pstmt-20001} clearParameters. 
[2021-03-25 11:34:20] DEBUG 134 statementLog-{conn-10002, pstmt-20001} Parameters : [TEST-NAME-20]
[2021-03-25 11:34:20] DEBUG 134 statementLog-{conn-10002, pstmt-20001} Types : [VARCHAR]
[2021-03-25 11:34:20] DEBUG 134 statementLog-{conn-10002, pstmt-20001} update executed. effort 1. 2.4118 millis. insert into user (name) values (?)
[2021-03-25 11:34:20] DEBUG 134 statementLog-{conn-10002, pstmt-20001} clearParameters. 
[2021-03-25 11:34:20] DEBUG 134 statementLog-{conn-10002, pstmt-20001} Parameters : [TEST-NAME-21]
[2021-03-25 11:34:20] DEBUG 134 statementLog-{conn-10002, pstmt-20001} Types : [VARCHAR]
[2021-03-25 11:34:20] DEBUG 134 statementLog-{conn-10002, pstmt-20001} update executed. effort 1. 1.8931 millis. insert into user (name) values (?)
[2021-03-25 11:34:20] DEBUG 134 statementLog-{conn-10002, pstmt-20001} clearParameters. 
[2021-03-25 11:34:20] DEBUG 134 statementLog-{conn-10002, pstmt-20001} Parameters : [TEST-NAME-22]
[2021-03-25 11:34:20] DEBUG 134 statementLog-{conn-10002, pstmt-20001} Types : [VARCHAR]
[2021-03-25 11:34:20] DEBUG 134 statementLog-{conn-10002, pstmt-20001} update executed. effort 1. 2.457 millis. insert into user (name) values (?)
[2021-03-25 11:34:20] DEBUG 134 statementLog-{conn-10002, pstmt-20001} clearParameters. 
[2021-03-25 11:34:20] DEBUG 134 statementLog-{conn-10002, pstmt-20001} Parameters : [TEST-NAME-23]
[2021-03-25 11:34:20] DEBUG 134 statementLog-{conn-10002, pstmt-20001} Types : [VARCHAR]
[2021-03-25 11:34:20] DEBUG 134 statementLog-{conn-10002, pstmt-20001} update executed. effort 1. 3.4667 millis. insert into user (name) values (?)
[2021-03-25 11:34:20] DEBUG 134 statementLog-{conn-10002, pstmt-20001} clearParameters. 
[2021-03-25 11:34:20] DEBUG 134 statementLog-{conn-10002, pstmt-20001} Parameters : [TEST-NAME-24]
[2021-03-25 11:34:20] DEBUG 134 statementLog-{conn-10002, pstmt-20001} Types : [VARCHAR]
[2021-03-25 11:34:20] DEBUG 134 statementLog-{conn-10002, pstmt-20001} update executed. effort 1. 8.3269 millis. insert into user (name) values (?)
[2021-03-25 11:34:20] DEBUG 134 statementLog-{conn-10002, pstmt-20001} clearParameters. 
[2021-03-25 11:34:20] DEBUG 134 statementLog-{conn-10002, pstmt-20001} Parameters : [TEST-NAME-25]
[2021-03-25 11:34:20] DEBUG 134 statementLog-{conn-10002, pstmt-20001} Types : [VARCHAR]
[2021-03-25 11:34:20] DEBUG 134 statementLog-{conn-10002, pstmt-20001} update executed. effort 1. 3.7466 millis. insert into user (name) values (?)
[2021-03-25 11:34:20] DEBUG 134 statementLog-{conn-10002, pstmt-20001} clearParameters. 
[2021-03-25 11:34:20] DEBUG 134 statementLog-{conn-10002, pstmt-20001} Parameters : [TEST-NAME-26]
[2021-03-25 11:34:20] DEBUG 134 statementLog-{conn-10002, pstmt-20001} Types : [VARCHAR]
[2021-03-25 11:34:20] DEBUG 134 statementLog-{conn-10002, pstmt-20001} update executed. effort 1. 2.2535 millis. insert into user (name) values (?)
[2021-03-25 11:34:20] DEBUG 134 statementLog-{conn-10002, pstmt-20001} clearParameters. 
[2021-03-25 11:34:20] DEBUG 134 statementLog-{conn-10002, pstmt-20001} Parameters : [TEST-NAME-27]
[2021-03-25 11:34:20] DEBUG 134 statementLog-{conn-10002, pstmt-20001} Types : [VARCHAR]
[2021-03-25 11:34:20] DEBUG 134 statementLog-{conn-10002, pstmt-20001} update executed. effort 1. 1.836 millis. insert into user (name) values (?)
[2021-03-25 11:34:20] DEBUG 134 statementLog-{conn-10002, pstmt-20001} clearParameters. 
[2021-03-25 11:34:20] DEBUG 134 statementLog-{conn-10002, pstmt-20001} Parameters : [TEST-NAME-28]
[2021-03-25 11:34:20] DEBUG 134 statementLog-{conn-10002, pstmt-20001} Types : [VARCHAR]
[2021-03-25 11:34:20] DEBUG 134 statementLog-{conn-10002, pstmt-20001} update executed. effort 1. 1.9337 millis. insert into user (name) values (?)
[2021-03-25 11:34:20] DEBUG 134 statementLog-{conn-10002, pstmt-20001} clearParameters. 
[2021-03-25 11:34:20] DEBUG 134 statementLog-{conn-10002, pstmt-20001} Parameters : [TEST-NAME-29]
[2021-03-25 11:34:20] DEBUG 134 statementLog-{conn-10002, pstmt-20001} Types : [VARCHAR]
[2021-03-25 11:34:20] DEBUG 134 statementLog-{conn-10002, pstmt-20001} update executed. effort 1. 1.812 millis. insert into user (name) values (?)
[2021-03-25 11:34:20] DEBUG 134 statementLog-{conn-10002, pstmt-20001} clearParameters. 
[2021-03-25 11:34:20] DEBUG 134 statementLog-{conn-10002, pstmt-20001} Parameters : [TEST-NAME-30]
[2021-03-25 11:34:20] DEBUG 134 statementLog-{conn-10002, pstmt-20001} Types : [VARCHAR]
[2021-03-25 11:34:20] DEBUG 134 statementLog-{conn-10002, pstmt-20001} update executed. effort 1. 1.8699 millis. insert into user (name) values (?)
[2021-03-25 11:34:20] DEBUG 134 statementLog-{conn-10002, pstmt-20001} clearParameters. 
[2021-03-25 11:34:20] DEBUG 134 statementLog-{conn-10002, pstmt-20001} Parameters : [TEST-NAME-31]
[2021-03-25 11:34:20] DEBUG 134 statementLog-{conn-10002, pstmt-20001} Types : [VARCHAR]
[2021-03-25 11:34:20] DEBUG 134 statementLog-{conn-10002, pstmt-20001} update executed. effort 1. 2.2574 millis. insert into user (name) values (?)
[2021-03-25 11:34:20] DEBUG 134 statementLog-{conn-10002, pstmt-20001} clearParameters. 
[2021-03-25 11:34:20] DEBUG 134 statementLog-{conn-10002, pstmt-20001} Parameters : [TEST-NAME-32]
[2021-03-25 11:34:20] DEBUG 134 statementLog-{conn-10002, pstmt-20001} Types : [VARCHAR]
[2021-03-25 11:34:20] DEBUG 134 statementLog-{conn-10002, pstmt-20001} update executed. effort 1. 3.1939 millis. insert into user (name) values (?)
[2021-03-25 11:34:20] DEBUG 134 statementLog-{conn-10002, pstmt-20001} clearParameters. 
[2021-03-25 11:34:20] DEBUG 134 statementLog-{conn-10002, pstmt-20001} Parameters : [TEST-NAME-33]
[2021-03-25 11:34:20] DEBUG 134 statementLog-{conn-10002, pstmt-20001} Types : [VARCHAR]
[2021-03-25 11:34:20] DEBUG 134 statementLog-{conn-10002, pstmt-20001} update executed. effort 1. 2.2582 millis. insert into user (name) values (?)
[2021-03-25 11:34:20] DEBUG 134 statementLog-{conn-10002, pstmt-20001} clearParameters. 
[2021-03-25 11:34:20] DEBUG 134 statementLog-{conn-10002, pstmt-20001} Parameters : [TEST-NAME-34]
[2021-03-25 11:34:20] DEBUG 134 statementLog-{conn-10002, pstmt-20001} Types : [VARCHAR]
[2021-03-25 11:34:20] DEBUG 134 statementLog-{conn-10002, pstmt-20001} update executed. effort 1. 2.0314 millis. insert into user (name) values (?)
[2021-03-25 11:34:20] DEBUG 134 statementLog-{conn-10002, pstmt-20001} clearParameters. 
[2021-03-25 11:34:20] DEBUG 134 statementLog-{conn-10002, pstmt-20001} Parameters : [TEST-NAME-35]
[2021-03-25 11:34:20] DEBUG 134 statementLog-{conn-10002, pstmt-20001} Types : [VARCHAR]
[2021-03-25 11:34:20] DEBUG 134 statementLog-{conn-10002, pstmt-20001} update executed. effort 1. 2.1148 millis. insert into user (name) values (?)
[2021-03-25 11:34:20] DEBUG 134 statementLog-{conn-10002, pstmt-20001} clearParameters. 
[2021-03-25 11:34:20] DEBUG 134 statementLog-{conn-10002, pstmt-20001} Parameters : [TEST-NAME-36]
[2021-03-25 11:34:20] DEBUG 134 statementLog-{conn-10002, pstmt-20001} Types : [VARCHAR]
[2021-03-25 11:34:20] DEBUG 134 statementLog-{conn-10002, pstmt-20001} update executed. effort 1. 2.1582 millis. insert into user (name) values (?)
[2021-03-25 11:34:20] DEBUG 134 statementLog-{conn-10002, pstmt-20001} clearParameters. 
[2021-03-25 11:34:20] DEBUG 134 statementLog-{conn-10002, pstmt-20001} Parameters : [TEST-NAME-37]
[2021-03-25 11:34:20] DEBUG 134 statementLog-{conn-10002, pstmt-20001} Types : [VARCHAR]
[2021-03-25 11:34:20] DEBUG 134 statementLog-{conn-10002, pstmt-20001} update executed. effort 1. 2.519 millis. insert into user (name) values (?)
[2021-03-25 11:34:20] DEBUG 134 statementLog-{conn-10002, pstmt-20001} clearParameters. 
[2021-03-25 11:34:20] DEBUG 134 statementLog-{conn-10002, pstmt-20001} Parameters : [TEST-NAME-38]
[2021-03-25 11:34:20] DEBUG 134 statementLog-{conn-10002, pstmt-20001} Types : [VARCHAR]
[2021-03-25 11:34:20] DEBUG 134 statementLog-{conn-10002, pstmt-20001} update executed. effort 1. 2.1846 millis. insert into user (name) values (?)
[2021-03-25 11:34:20] DEBUG 134 statementLog-{conn-10002, pstmt-20001} clearParameters. 
[2021-03-25 11:34:20] DEBUG 134 statementLog-{conn-10002, pstmt-20001} Parameters : [TEST-NAME-39]
[2021-03-25 11:34:20] DEBUG 134 statementLog-{conn-10002, pstmt-20001} Types : [VARCHAR]
[2021-03-25 11:34:20] DEBUG 134 statementLog-{conn-10002, pstmt-20001} update executed. effort 1. 1.853 millis. insert into user (name) values (?)
[2021-03-25 11:34:20] DEBUG 134 statementLog-{conn-10002, pstmt-20001} clearParameters. 
[2021-03-25 11:34:20] DEBUG 134 statementLog-{conn-10002, pstmt-20001} Parameters : [TEST-NAME-40]
[2021-03-25 11:34:20] DEBUG 134 statementLog-{conn-10002, pstmt-20001} Types : [VARCHAR]
[2021-03-25 11:34:20] DEBUG 134 statementLog-{conn-10002, pstmt-20001} update executed. effort 1. 2.1006 millis. insert into user (name) values (?)
[2021-03-25 11:34:20] DEBUG 134 statementLog-{conn-10002, pstmt-20001} clearParameters. 
[2021-03-25 11:34:20] DEBUG 134 statementLog-{conn-10002, pstmt-20001} Parameters : [TEST-NAME-41]
[2021-03-25 11:34:20] DEBUG 134 statementLog-{conn-10002, pstmt-20001} Types : [VARCHAR]
[2021-03-25 11:34:20] DEBUG 134 statementLog-{conn-10002, pstmt-20001} update executed. effort 1. 2.4615 millis. insert into user (name) values (?)
[2021-03-25 11:34:20] DEBUG 134 statementLog-{conn-10002, pstmt-20001} clearParameters. 
[2021-03-25 11:34:21] DEBUG 134 statementLog-{conn-10002, pstmt-20001} Parameters : [TEST-NAME-42]
[2021-03-25 11:34:21] DEBUG 134 statementLog-{conn-10002, pstmt-20001} Types : [VARCHAR]
[2021-03-25 11:34:21] DEBUG 134 statementLog-{conn-10002, pstmt-20001} update executed. effort 1. 3.0112 millis. insert into user (name) values (?)
[2021-03-25 11:34:21] DEBUG 134 statementLog-{conn-10002, pstmt-20001} clearParameters. 
[2021-03-25 11:34:21] DEBUG 134 statementLog-{conn-10002, pstmt-20001} Parameters : [TEST-NAME-43]
[2021-03-25 11:34:21] DEBUG 134 statementLog-{conn-10002, pstmt-20001} Types : [VARCHAR]
[2021-03-25 11:34:21] DEBUG 134 statementLog-{conn-10002, pstmt-20001} update executed. effort 1. 2.3146 millis. insert into user (name) values (?)
[2021-03-25 11:34:21] DEBUG 134 statementLog-{conn-10002, pstmt-20001} clearParameters. 
[2021-03-25 11:34:21] DEBUG 134 statementLog-{conn-10002, pstmt-20001} Parameters : [TEST-NAME-44]
[2021-03-25 11:34:21] DEBUG 134 statementLog-{conn-10002, pstmt-20001} Types : [VARCHAR]
[2021-03-25 11:34:21] DEBUG 134 statementLog-{conn-10002, pstmt-20001} update executed. effort 1. 1.9784 millis. insert into user (name) values (?)
[2021-03-25 11:34:21] DEBUG 134 statementLog-{conn-10002, pstmt-20001} clearParameters. 
[2021-03-25 11:34:21] DEBUG 134 statementLog-{conn-10002, pstmt-20001} Parameters : [TEST-NAME-45]
[2021-03-25 11:34:21] DEBUG 134 statementLog-{conn-10002, pstmt-20001} Types : [VARCHAR]
[2021-03-25 11:34:21] DEBUG 134 statementLog-{conn-10002, pstmt-20001} update executed. effort 1. 1.3688 millis. insert into user (name) values (?)
[2021-03-25 11:34:21] DEBUG 134 statementLog-{conn-10002, pstmt-20001} clearParameters. 
[2021-03-25 11:34:21] DEBUG 134 statementLog-{conn-10002, pstmt-20001} Parameters : [TEST-NAME-46]
[2021-03-25 11:34:21] DEBUG 134 statementLog-{conn-10002, pstmt-20001} Types : [VARCHAR]
[2021-03-25 11:34:21] DEBUG 134 statementLog-{conn-10002, pstmt-20001} update executed. effort 1. 1.5232 millis. insert into user (name) values (?)
[2021-03-25 11:34:21] DEBUG 134 statementLog-{conn-10002, pstmt-20001} clearParameters. 
[2021-03-25 11:34:21] DEBUG 134 statementLog-{conn-10002, pstmt-20001} Parameters : [TEST-NAME-47]
[2021-03-25 11:34:21] DEBUG 134 statementLog-{conn-10002, pstmt-20001} Types : [VARCHAR]
[2021-03-25 11:34:21] DEBUG 134 statementLog-{conn-10002, pstmt-20001} update executed. effort 1. 1.3974 millis. insert into user (name) values (?)
[2021-03-25 11:34:21] DEBUG 134 statementLog-{conn-10002, pstmt-20001} clearParameters. 
[2021-03-25 11:34:21] DEBUG 134 statementLog-{conn-10002, pstmt-20001} Parameters : [TEST-NAME-48]
[2021-03-25 11:34:21] DEBUG 134 statementLog-{conn-10002, pstmt-20001} Types : [VARCHAR]
[2021-03-25 11:34:21] DEBUG 134 statementLog-{conn-10002, pstmt-20001} update executed. effort 1. 1.8621 millis. insert into user (name) values (?)
[2021-03-25 11:34:21] DEBUG 134 statementLog-{conn-10002, pstmt-20001} clearParameters. 
[2021-03-25 11:34:21] DEBUG 134 statementLog-{conn-10002, pstmt-20001} Parameters : [TEST-NAME-49]
[2021-03-25 11:34:21] DEBUG 134 statementLog-{conn-10002, pstmt-20001} Types : [VARCHAR]
[2021-03-25 11:34:21] DEBUG 134 statementLog-{conn-10002, pstmt-20001} update executed. effort 1. 1.893 millis. insert into user (name) values (?)
[2021-03-25 11:34:21] DEBUG 134 statementLog-{conn-10002, pstmt-20001} clearParameters. 
[2021-03-25 11:34:21] DEBUG 134 statementLog-{conn-10002, pstmt-20001} Parameters : [TEST-NAME-50]
[2021-03-25 11:34:21] DEBUG 134 statementLog-{conn-10002, pstmt-20001} Types : [VARCHAR]
[2021-03-25 11:34:21] DEBUG 134 statementLog-{conn-10002, pstmt-20001} update executed. effort 1. 1.3882 millis. insert into user (name) values (?)
[2021-03-25 11:34:21] DEBUG 134 statementLog-{conn-10002, pstmt-20001} clearParameters. 
[2021-03-25 11:34:21] DEBUG 134 statementLog-{conn-10002, pstmt-20001} Parameters : [TEST-NAME-51]
[2021-03-25 11:34:21] DEBUG 134 statementLog-{conn-10002, pstmt-20001} Types : [VARCHAR]
[2021-03-25 11:34:21] DEBUG 134 statementLog-{conn-10002, pstmt-20001} update executed. effort 1. 1.6325 millis. insert into user (name) values (?)
[2021-03-25 11:34:21] DEBUG 134 statementLog-{conn-10002, pstmt-20001} clearParameters. 
[2021-03-25 11:34:21] DEBUG 134 statementLog-{conn-10002, pstmt-20001} Parameters : [TEST-NAME-52]
[2021-03-25 11:34:21] DEBUG 134 statementLog-{conn-10002, pstmt-20001} Types : [VARCHAR]
[2021-03-25 11:34:21] DEBUG 134 statementLog-{conn-10002, pstmt-20001} update executed. effort 1. 4.2328 millis. insert into user (name) values (?)
[2021-03-25 11:34:21] DEBUG 134 statementLog-{conn-10002, pstmt-20001} clearParameters. 
[2021-03-25 11:34:21] DEBUG 134 statementLog-{conn-10002, pstmt-20001} Parameters : [TEST-NAME-53]
[2021-03-25 11:34:21] DEBUG 134 statementLog-{conn-10002, pstmt-20001} Types : [VARCHAR]
[2021-03-25 11:34:21] DEBUG 134 statementLog-{conn-10002, pstmt-20001} update executed. effort 1. 1.5536 millis. insert into user (name) values (?)
[2021-03-25 11:34:21] DEBUG 134 statementLog-{conn-10002, pstmt-20001} clearParameters. 
[2021-03-25 11:34:21] DEBUG 134 statementLog-{conn-10002, pstmt-20001} Parameters : [TEST-NAME-54]
[2021-03-25 11:34:21] DEBUG 134 statementLog-{conn-10002, pstmt-20001} Types : [VARCHAR]
[2021-03-25 11:34:21] DEBUG 134 statementLog-{conn-10002, pstmt-20001} update executed. effort 1. 1.4894 millis. insert into user (name) values (?)
[2021-03-25 11:34:21] DEBUG 134 statementLog-{conn-10002, pstmt-20001} clearParameters. 
[2021-03-25 11:34:21] DEBUG 134 statementLog-{conn-10002, pstmt-20001} Parameters : [TEST-NAME-55]
[2021-03-25 11:34:21] DEBUG 134 statementLog-{conn-10002, pstmt-20001} Types : [VARCHAR]
[2021-03-25 11:34:21] DEBUG 134 statementLog-{conn-10002, pstmt-20001} update executed. effort 1. 1.5678 millis. insert into user (name) values (?)
[2021-03-25 11:34:21] DEBUG 134 statementLog-{conn-10002, pstmt-20001} clearParameters. 
[2021-03-25 11:34:21] DEBUG 134 statementLog-{conn-10002, pstmt-20001} Parameters : [TEST-NAME-56]
[2021-03-25 11:34:21] DEBUG 134 statementLog-{conn-10002, pstmt-20001} Types : [VARCHAR]
[2021-03-25 11:34:21] DEBUG 134 statementLog-{conn-10002, pstmt-20001} update executed. effort 1. 2.2978 millis. insert into user (name) values (?)
[2021-03-25 11:34:21] DEBUG 134 statementLog-{conn-10002, pstmt-20001} clearParameters. 
[2021-03-25 11:34:21] DEBUG 134 statementLog-{conn-10002, pstmt-20001} Parameters : [TEST-NAME-57]
[2021-03-25 11:34:21] DEBUG 134 statementLog-{conn-10002, pstmt-20001} Types : [VARCHAR]
[2021-03-25 11:34:21] DEBUG 134 statementLog-{conn-10002, pstmt-20001} update executed. effort 1. 2.3507 millis. insert into user (name) values (?)
[2021-03-25 11:34:21] DEBUG 134 statementLog-{conn-10002, pstmt-20001} clearParameters. 
[2021-03-25 11:34:21] DEBUG 134 statementLog-{conn-10002, pstmt-20001} Parameters : [TEST-NAME-58]
[2021-03-25 11:34:21] DEBUG 134 statementLog-{conn-10002, pstmt-20001} Types : [VARCHAR]
[2021-03-25 11:34:21] DEBUG 134 statementLog-{conn-10002, pstmt-20001} update executed. effort 1. 2.0526 millis. insert into user (name) values (?)
[2021-03-25 11:34:21] DEBUG 134 statementLog-{conn-10002, pstmt-20001} clearParameters. 
[2021-03-25 11:34:21] DEBUG 134 statementLog-{conn-10002, pstmt-20001} Parameters : [TEST-NAME-59]
[2021-03-25 11:34:21] DEBUG 134 statementLog-{conn-10002, pstmt-20001} Types : [VARCHAR]
[2021-03-25 11:34:21] DEBUG 134 statementLog-{conn-10002, pstmt-20001} update executed. effort 1. 1.3517 millis. insert into user (name) values (?)
[2021-03-25 11:34:21] DEBUG 134 statementLog-{conn-10002, pstmt-20001} clearParameters. 
[2021-03-25 11:34:21] DEBUG 134 statementLog-{conn-10002, pstmt-20001} Parameters : [TEST-NAME-60]
[2021-03-25 11:34:21] DEBUG 134 statementLog-{conn-10002, pstmt-20001} Types : [VARCHAR]
[2021-03-25 11:34:21] DEBUG 134 statementLog-{conn-10002, pstmt-20001} update executed. effort 1. 1.9447 millis. insert into user (name) values (?)
[2021-03-25 11:34:21] DEBUG 134 statementLog-{conn-10002, pstmt-20001} clearParameters. 
[2021-03-25 11:34:21] DEBUG 134 statementLog-{conn-10002, pstmt-20001} Parameters : [TEST-NAME-61]
[2021-03-25 11:34:21] DEBUG 134 statementLog-{conn-10002, pstmt-20001} Types : [VARCHAR]
[2021-03-25 11:34:21] DEBUG 134 statementLog-{conn-10002, pstmt-20001} update executed. effort 1. 2.1439 millis. insert into user (name) values (?)
[2021-03-25 11:34:21] DEBUG 134 statementLog-{conn-10002, pstmt-20001} clearParameters. 
[2021-03-25 11:34:21] DEBUG 134 statementLog-{conn-10002, pstmt-20001} Parameters : [TEST-NAME-62]
[2021-03-25 11:34:21] DEBUG 134 statementLog-{conn-10002, pstmt-20001} Types : [VARCHAR]
[2021-03-25 11:34:21] DEBUG 134 statementLog-{conn-10002, pstmt-20001} update executed. effort 1. 1.5532 millis. insert into user (name) values (?)
[2021-03-25 11:34:21] DEBUG 134 statementLog-{conn-10002, pstmt-20001} clearParameters. 
[2021-03-25 11:34:21] DEBUG 134 statementLog-{conn-10002, pstmt-20001} Parameters : [TEST-NAME-63]
[2021-03-25 11:34:21] DEBUG 134 statementLog-{conn-10002, pstmt-20001} Types : [VARCHAR]
[2021-03-25 11:34:21] DEBUG 134 statementLog-{conn-10002, pstmt-20001} update executed. effort 1. 2.4022 millis. insert into user (name) values (?)
[2021-03-25 11:34:21] DEBUG 134 statementLog-{conn-10002, pstmt-20001} clearParameters. 
[2021-03-25 11:34:21] DEBUG 134 statementLog-{conn-10002, pstmt-20001} Parameters : [TEST-NAME-64]
[2021-03-25 11:34:21] DEBUG 134 statementLog-{conn-10002, pstmt-20001} Types : [VARCHAR]
[2021-03-25 11:34:21] DEBUG 134 statementLog-{conn-10002, pstmt-20001} update executed. effort 1. 2.1732 millis. insert into user (name) values (?)
[2021-03-25 11:34:21] DEBUG 134 statementLog-{conn-10002, pstmt-20001} clearParameters. 
[2021-03-25 11:34:21] DEBUG 134 statementLog-{conn-10002, pstmt-20001} Parameters : [TEST-NAME-65]
[2021-03-25 11:34:21] DEBUG 134 statementLog-{conn-10002, pstmt-20001} Types : [VARCHAR]
[2021-03-25 11:34:21] DEBUG 134 statementLog-{conn-10002, pstmt-20001} update executed. effort 1. 2.0641 millis. insert into user (name) values (?)
[2021-03-25 11:34:21] DEBUG 134 statementLog-{conn-10002, pstmt-20001} clearParameters. 
[2021-03-25 11:34:21] DEBUG 134 statementLog-{conn-10002, pstmt-20001} Parameters : [TEST-NAME-66]
[2021-03-25 11:34:21] DEBUG 134 statementLog-{conn-10002, pstmt-20001} Types : [VARCHAR]
[2021-03-25 11:34:21] DEBUG 134 statementLog-{conn-10002, pstmt-20001} update executed. effort 1. 1.9367 millis. insert into user (name) values (?)
[2021-03-25 11:34:21] DEBUG 134 statementLog-{conn-10002, pstmt-20001} clearParameters. 
[2021-03-25 11:34:21] DEBUG 134 statementLog-{conn-10002, pstmt-20001} Parameters : [TEST-NAME-67]
[2021-03-25 11:34:21] DEBUG 134 statementLog-{conn-10002, pstmt-20001} Types : [VARCHAR]
[2021-03-25 11:34:21] DEBUG 134 statementLog-{conn-10002, pstmt-20001} update executed. effort 1. 2.124 millis. insert into user (name) values (?)
[2021-03-25 11:34:21] DEBUG 134 statementLog-{conn-10002, pstmt-20001} clearParameters. 
[2021-03-25 11:34:21] DEBUG 134 statementLog-{conn-10002, pstmt-20001} Parameters : [TEST-NAME-68]
[2021-03-25 11:34:21] DEBUG 134 statementLog-{conn-10002, pstmt-20001} Types : [VARCHAR]
[2021-03-25 11:34:21] DEBUG 134 statementLog-{conn-10002, pstmt-20001} update executed. effort 1. 2.0371 millis. insert into user (name) values (?)
[2021-03-25 11:34:21] DEBUG 134 statementLog-{conn-10002, pstmt-20001} clearParameters. 
[2021-03-25 11:34:21] DEBUG 134 statementLog-{conn-10002, pstmt-20001} Parameters : [TEST-NAME-69]
[2021-03-25 11:34:21] DEBUG 134 statementLog-{conn-10002, pstmt-20001} Types : [VARCHAR]
[2021-03-25 11:34:21] DEBUG 134 statementLog-{conn-10002, pstmt-20001} update executed. effort 1. 2.303 millis. insert into user (name) values (?)
[2021-03-25 11:34:21] DEBUG 134 statementLog-{conn-10002, pstmt-20001} clearParameters. 
[2021-03-25 11:34:21] DEBUG 134 statementLog-{conn-10002, pstmt-20001} Parameters : [TEST-NAME-70]
[2021-03-25 11:34:21] DEBUG 134 statementLog-{conn-10002, pstmt-20001} Types : [VARCHAR]
[2021-03-25 11:34:21] DEBUG 134 statementLog-{conn-10002, pstmt-20001} update executed. effort 1. 2.8884 millis. insert into user (name) values (?)
[2021-03-25 11:34:21] DEBUG 134 statementLog-{conn-10002, pstmt-20001} clearParameters. 
[2021-03-25 11:34:21] DEBUG 134 statementLog-{conn-10002, pstmt-20001} Parameters : [TEST-NAME-71]
[2021-03-25 11:34:21] DEBUG 134 statementLog-{conn-10002, pstmt-20001} Types : [VARCHAR]
[2021-03-25 11:34:21] DEBUG 134 statementLog-{conn-10002, pstmt-20001} update executed. effort 1. 2.1841 millis. insert into user (name) values (?)
[2021-03-25 11:34:21] DEBUG 134 statementLog-{conn-10002, pstmt-20001} clearParameters. 
[2021-03-25 11:34:21] DEBUG 134 statementLog-{conn-10002, pstmt-20001} Parameters : [TEST-NAME-72]
[2021-03-25 11:34:21] DEBUG 134 statementLog-{conn-10002, pstmt-20001} Types : [VARCHAR]
[2021-03-25 11:34:21] DEBUG 134 statementLog-{conn-10002, pstmt-20001} update executed. effort 1. 1.9555 millis. insert into user (name) values (?)
[2021-03-25 11:34:21] DEBUG 134 statementLog-{conn-10002, pstmt-20001} clearParameters. 
[2021-03-25 11:34:21] DEBUG 134 statementLog-{conn-10002, pstmt-20001} Parameters : [TEST-NAME-73]
[2021-03-25 11:34:21] DEBUG 134 statementLog-{conn-10002, pstmt-20001} Types : [VARCHAR]
[2021-03-25 11:34:21] DEBUG 134 statementLog-{conn-10002, pstmt-20001} update executed. effort 1. 2.022 millis. insert into user (name) values (?)
[2021-03-25 11:34:21] DEBUG 134 statementLog-{conn-10002, pstmt-20001} clearParameters. 
[2021-03-25 11:34:21] DEBUG 134 statementLog-{conn-10002, pstmt-20001} Parameters : [TEST-NAME-74]
[2021-03-25 11:34:21] DEBUG 134 statementLog-{conn-10002, pstmt-20001} Types : [VARCHAR]
[2021-03-25 11:34:21] DEBUG 134 statementLog-{conn-10002, pstmt-20001} update executed. effort 1. 2.2759 millis. insert into user (name) values (?)
[2021-03-25 11:34:21] DEBUG 134 statementLog-{conn-10002, pstmt-20001} clearParameters. 
[2021-03-25 11:34:21] DEBUG 134 statementLog-{conn-10002, pstmt-20001} Parameters : [TEST-NAME-75]
[2021-03-25 11:34:21] DEBUG 134 statementLog-{conn-10002, pstmt-20001} Types : [VARCHAR]
[2021-03-25 11:34:21] DEBUG 134 statementLog-{conn-10002, pstmt-20001} update executed. effort 1. 1.8148 millis. insert into user (name) values (?)
[2021-03-25 11:34:21] DEBUG 134 statementLog-{conn-10002, pstmt-20001} clearParameters. 
[2021-03-25 11:34:21] DEBUG 134 statementLog-{conn-10002, pstmt-20001} Parameters : [TEST-NAME-76]
[2021-03-25 11:34:21] DEBUG 134 statementLog-{conn-10002, pstmt-20001} Types : [VARCHAR]
[2021-03-25 11:34:21] DEBUG 134 statementLog-{conn-10002, pstmt-20001} update executed. effort 1. 1.8595 millis. insert into user (name) values (?)
[2021-03-25 11:34:21] DEBUG 134 statementLog-{conn-10002, pstmt-20001} clearParameters. 
[2021-03-25 11:34:21] DEBUG 134 statementLog-{conn-10002, pstmt-20001} Parameters : [TEST-NAME-77]
[2021-03-25 11:34:21] DEBUG 134 statementLog-{conn-10002, pstmt-20001} Types : [VARCHAR]
[2021-03-25 11:34:21] DEBUG 134 statementLog-{conn-10002, pstmt-20001} update executed. effort 1. 1.728 millis. insert into user (name) values (?)
[2021-03-25 11:34:21] DEBUG 134 statementLog-{conn-10002, pstmt-20001} clearParameters. 
[2021-03-25 11:34:21] DEBUG 134 statementLog-{conn-10002, pstmt-20001} Parameters : [TEST-NAME-78]
[2021-03-25 11:34:21] DEBUG 134 statementLog-{conn-10002, pstmt-20001} Types : [VARCHAR]
[2021-03-25 11:34:21] DEBUG 134 statementLog-{conn-10002, pstmt-20001} update executed. effort 1. 1.3422 millis. insert into user (name) values (?)
[2021-03-25 11:34:21] DEBUG 134 statementLog-{conn-10002, pstmt-20001} clearParameters. 
[2021-03-25 11:34:21] DEBUG 134 statementLog-{conn-10002, pstmt-20001} Parameters : [TEST-NAME-79]
[2021-03-25 11:34:21] DEBUG 134 statementLog-{conn-10002, pstmt-20001} Types : [VARCHAR]
[2021-03-25 11:34:21] DEBUG 134 statementLog-{conn-10002, pstmt-20001} update executed. effort 1. 1.3696 millis. insert into user (name) values (?)
[2021-03-25 11:34:21] DEBUG 134 statementLog-{conn-10002, pstmt-20001} clearParameters. 
[2021-03-25 11:34:21] DEBUG 134 statementLog-{conn-10002, pstmt-20001} Parameters : [TEST-NAME-80]
[2021-03-25 11:34:21] DEBUG 134 statementLog-{conn-10002, pstmt-20001} Types : [VARCHAR]
[2021-03-25 11:34:21] DEBUG 134 statementLog-{conn-10002, pstmt-20001} update executed. effort 1. 1.7998 millis. insert into user (name) values (?)
[2021-03-25 11:34:21] DEBUG 134 statementLog-{conn-10002, pstmt-20001} clearParameters. 
[2021-03-25 11:34:21] DEBUG 134 statementLog-{conn-10002, pstmt-20001} Parameters : [TEST-NAME-81]
[2021-03-25 11:34:21] DEBUG 134 statementLog-{conn-10002, pstmt-20001} Types : [VARCHAR]
[2021-03-25 11:34:21] DEBUG 134 statementLog-{conn-10002, pstmt-20001} update executed. effort 1. 1.9619 millis. insert into user (name) values (?)
[2021-03-25 11:34:21] DEBUG 134 statementLog-{conn-10002, pstmt-20001} clearParameters. 
[2021-03-25 11:34:21] DEBUG 134 statementLog-{conn-10002, pstmt-20001} Parameters : [TEST-NAME-82]
[2021-03-25 11:34:21] DEBUG 134 statementLog-{conn-10002, pstmt-20001} Types : [VARCHAR]
[2021-03-25 11:34:21] DEBUG 134 statementLog-{conn-10002, pstmt-20001} update executed. effort 1. 1.4503 millis. insert into user (name) values (?)
[2021-03-25 11:34:21] DEBUG 134 statementLog-{conn-10002, pstmt-20001} clearParameters. 
[2021-03-25 11:34:21] DEBUG 134 statementLog-{conn-10002, pstmt-20001} Parameters : [TEST-NAME-83]
[2021-03-25 11:34:21] DEBUG 134 statementLog-{conn-10002, pstmt-20001} Types : [VARCHAR]
[2021-03-25 11:34:21] DEBUG 134 statementLog-{conn-10002, pstmt-20001} update executed. effort 1. 1.491 millis. insert into user (name) values (?)
[2021-03-25 11:34:21] DEBUG 134 statementLog-{conn-10002, pstmt-20001} clearParameters. 
[2021-03-25 11:34:21] DEBUG 134 statementLog-{conn-10002, pstmt-20001} Parameters : [TEST-NAME-84]
[2021-03-25 11:34:21] DEBUG 134 statementLog-{conn-10002, pstmt-20001} Types : [VARCHAR]
[2021-03-25 11:34:21] DEBUG 134 statementLog-{conn-10002, pstmt-20001} update executed. effort 1. 2.1255 millis. insert into user (name) values (?)
[2021-03-25 11:34:21] DEBUG 134 statementLog-{conn-10002, pstmt-20001} clearParameters. 
[2021-03-25 11:34:21] DEBUG 134 statementLog-{conn-10002, pstmt-20001} Parameters : [TEST-NAME-85]
[2021-03-25 11:34:21] DEBUG 134 statementLog-{conn-10002, pstmt-20001} Types : [VARCHAR]
[2021-03-25 11:34:21] DEBUG 134 statementLog-{conn-10002, pstmt-20001} update executed. effort 1. 1.8488 millis. insert into user (name) values (?)
[2021-03-25 11:34:21] DEBUG 134 statementLog-{conn-10002, pstmt-20001} clearParameters. 
[2021-03-25 11:34:21] DEBUG 134 statementLog-{conn-10002, pstmt-20001} Parameters : [TEST-NAME-86]
[2021-03-25 11:34:21] DEBUG 134 statementLog-{conn-10002, pstmt-20001} Types : [VARCHAR]
[2021-03-25 11:34:21] DEBUG 134 statementLog-{conn-10002, pstmt-20001} update executed. effort 1. 1.9185 millis. insert into user (name) values (?)
[2021-03-25 11:34:21] DEBUG 134 statementLog-{conn-10002, pstmt-20001} clearParameters. 
[2021-03-25 11:34:21] DEBUG 134 statementLog-{conn-10002, pstmt-20001} Parameters : [TEST-NAME-87]
[2021-03-25 11:34:21] DEBUG 134 statementLog-{conn-10002, pstmt-20001} Types : [VARCHAR]
[2021-03-25 11:34:21] DEBUG 134 statementLog-{conn-10002, pstmt-20001} update executed. effort 1. 1.5326 millis. insert into user (name) values (?)
[2021-03-25 11:34:21] DEBUG 134 statementLog-{conn-10002, pstmt-20001} clearParameters. 
[2021-03-25 11:34:21] DEBUG 134 statementLog-{conn-10002, pstmt-20001} Parameters : [TEST-NAME-88]
[2021-03-25 11:34:21] DEBUG 134 statementLog-{conn-10002, pstmt-20001} Types : [VARCHAR]
[2021-03-25 11:34:21] DEBUG 134 statementLog-{conn-10002, pstmt-20001} update executed. effort 1. 1.9781 millis. insert into user (name) values (?)
[2021-03-25 11:34:21] DEBUG 134 statementLog-{conn-10002, pstmt-20001} clearParameters. 
[2021-03-25 11:34:21] DEBUG 134 statementLog-{conn-10002, pstmt-20001} Parameters : [TEST-NAME-89]
[2021-03-25 11:34:21] DEBUG 134 statementLog-{conn-10002, pstmt-20001} Types : [VARCHAR]
[2021-03-25 11:34:21] DEBUG 134 statementLog-{conn-10002, pstmt-20001} update executed. effort 1. 1.4374 millis. insert into user (name) values (?)
[2021-03-25 11:34:21] DEBUG 134 statementLog-{conn-10002, pstmt-20001} clearParameters. 
[2021-03-25 11:34:21] DEBUG 134 statementLog-{conn-10002, pstmt-20001} Parameters : [TEST-NAME-90]
[2021-03-25 11:34:21] DEBUG 134 statementLog-{conn-10002, pstmt-20001} Types : [VARCHAR]
[2021-03-25 11:34:21] DEBUG 134 statementLog-{conn-10002, pstmt-20001} update executed. effort 1. 1.4361 millis. insert into user (name) values (?)
[2021-03-25 11:34:21] DEBUG 134 statementLog-{conn-10002, pstmt-20001} clearParameters. 
[2021-03-25 11:34:21] DEBUG 134 statementLog-{conn-10002, pstmt-20001} Parameters : [TEST-NAME-91]
[2021-03-25 11:34:21] DEBUG 134 statementLog-{conn-10002, pstmt-20001} Types : [VARCHAR]
[2021-03-25 11:34:21] DEBUG 134 statementLog-{conn-10002, pstmt-20001} update executed. effort 1. 1.4131 millis. insert into user (name) values (?)
[2021-03-25 11:34:21] DEBUG 134 statementLog-{conn-10002, pstmt-20001} clearParameters. 
[2021-03-25 11:34:22] DEBUG 134 statementLog-{conn-10002, pstmt-20001} Parameters : [TEST-NAME-92]
[2021-03-25 11:34:22] DEBUG 134 statementLog-{conn-10002, pstmt-20001} Types : [VARCHAR]
[2021-03-25 11:34:22] DEBUG 134 statementLog-{conn-10002, pstmt-20001} update executed. effort 1. 1.8634 millis. insert into user (name) values (?)
[2021-03-25 11:34:22] DEBUG 134 statementLog-{conn-10002, pstmt-20001} clearParameters. 
[2021-03-25 11:34:22] DEBUG 134 statementLog-{conn-10002, pstmt-20001} Parameters : [TEST-NAME-93]
[2021-03-25 11:34:22] DEBUG 134 statementLog-{conn-10002, pstmt-20001} Types : [VARCHAR]
[2021-03-25 11:34:22] DEBUG 134 statementLog-{conn-10002, pstmt-20001} update executed. effort 1. 1.849 millis. insert into user (name) values (?)
[2021-03-25 11:34:22] DEBUG 134 statementLog-{conn-10002, pstmt-20001} clearParameters. 
[2021-03-25 11:34:22] DEBUG 134 statementLog-{conn-10002, pstmt-20001} Parameters : [TEST-NAME-94]
[2021-03-25 11:34:22] DEBUG 134 statementLog-{conn-10002, pstmt-20001} Types : [VARCHAR]
[2021-03-25 11:34:22] DEBUG 134 statementLog-{conn-10002, pstmt-20001} update executed. effort 1. 2.0575 millis. insert into user (name) values (?)
[2021-03-25 11:34:22] DEBUG 134 statementLog-{conn-10002, pstmt-20001} clearParameters. 
[2021-03-25 11:34:22] DEBUG 134 statementLog-{conn-10002, pstmt-20001} Parameters : [TEST-NAME-95]
[2021-03-25 11:34:22] DEBUG 134 statementLog-{conn-10002, pstmt-20001} Types : [VARCHAR]
[2021-03-25 11:34:22] DEBUG 134 statementLog-{conn-10002, pstmt-20001} update executed. effort 1. 1.5134 millis. insert into user (name) values (?)
[2021-03-25 11:34:22] DEBUG 134 statementLog-{conn-10002, pstmt-20001} clearParameters. 
[2021-03-25 11:34:22] DEBUG 134 statementLog-{conn-10002, pstmt-20001} Parameters : [TEST-NAME-96]
[2021-03-25 11:34:22] DEBUG 134 statementLog-{conn-10002, pstmt-20001} Types : [VARCHAR]
[2021-03-25 11:34:22] DEBUG 134 statementLog-{conn-10002, pstmt-20001} update executed. effort 1. 2.8164 millis. insert into user (name) values (?)
[2021-03-25 11:34:22] DEBUG 134 statementLog-{conn-10002, pstmt-20001} clearParameters. 
[2021-03-25 11:34:22] DEBUG 134 statementLog-{conn-10002, pstmt-20001} Parameters : [TEST-NAME-97]
[2021-03-25 11:34:22] DEBUG 134 statementLog-{conn-10002, pstmt-20001} Types : [VARCHAR]
[2021-03-25 11:34:22] DEBUG 134 statementLog-{conn-10002, pstmt-20001} update executed. effort 1. 2.1411 millis. insert into user (name) values (?)
[2021-03-25 11:34:22] DEBUG 134 statementLog-{conn-10002, pstmt-20001} clearParameters. 
[2021-03-25 11:34:22] DEBUG 134 statementLog-{conn-10002, pstmt-20001} Parameters : [TEST-NAME-98]
[2021-03-25 11:34:22] DEBUG 134 statementLog-{conn-10002, pstmt-20001} Types : [VARCHAR]
[2021-03-25 11:34:22] DEBUG 134 statementLog-{conn-10002, pstmt-20001} update executed. effort 1. 2.1448 millis. insert into user (name) values (?)
[2021-03-25 11:34:22] DEBUG 134 statementLog-{conn-10002, pstmt-20001} clearParameters. 
[2021-03-25 11:34:22] DEBUG 134 statementLog-{conn-10002, pstmt-20001} Parameters : [TEST-NAME-99]
[2021-03-25 11:34:22] DEBUG 134 statementLog-{conn-10002, pstmt-20001} Types : [VARCHAR]
[2021-03-25 11:34:22] DEBUG 134 statementLog-{conn-10002, pstmt-20001} update executed. effort 1. 1.8628 millis. insert into user (name) values (?)
[2021-03-25 11:34:22] DEBUG 134 statementLog-{conn-10002, pstmt-20001} clearParameters. 
[2021-03-25 11:34:22] DEBUG 134 statementLog-{conn-10002, pstmt-20001} Parameters : [TEST-NAME-100]
[2021-03-25 11:34:22] DEBUG 134 statementLog-{conn-10002, pstmt-20001} Types : [VARCHAR]
[2021-03-25 11:34:22] DEBUG 134 statementLog-{conn-10002, pstmt-20001} update executed. effort 1. 1.8893 millis. insert into user (name) values (?)
[2021-03-25 11:34:22] DEBUG 134 statementLog-{conn-10002, pstmt-20001} clearParameters. 
