[2021-03-25 11:34:03] INFO  org.springframework.boot.StartupInfoLogger 48 logStarting-Starting DemoApplication on EPRUPETW1758 with PID 11632 (C:\Users\Aleksandr_Goloshchap\IdeaProjects\druid\druid-spring-boot-starter\target\test-classes started by Aleksandr_Goloshchap in C:\Users\Aleksandr_Goloshchap\IdeaProjects\druid)
[2021-03-25 11:34:03] INFO  org.springframework.boot.SpringApplication 593 logStartupProfileInfo-No active profile set, falling back to default profiles: default
[2021-03-25 11:34:03] INFO  org.springframework.context.support.AbstractApplicationContext 583 prepareRefresh-Refreshing org.springframework.boot.context.embedded.AnnotationConfigEmbeddedWebApplicationContext@683dbc2c: startup date [Thu Mar 25 11:34:03 MSK 2021]; root of context hierarchy
[2021-03-25 11:34:08] INFO  org.springframework.context.support.PostProcessorRegistrationDelegate$BeanPostProcessorChecker 327 postProcessAfterInitialization-Bean 'org.springframework.transaction.annotation.ProxyTransactionManagementConfiguration' of type [org.springframework.transaction.annotation.ProxyTransactionManagementConfiguration$$EnhancerBySpringCGLIB$$e02b8530] is not eligible for getting processed by all BeanPostProcessors (for example: not eligible for auto-proxying)
[2021-03-25 11:34:08] INFO  org.springframework.context.support.PostProcessorRegistrationDelegate$BeanPostProcessorChecker 327 postProcessAfterInitialization-Bean 'com.alibaba.druid.spring.boot.autoconfigure.stat.DruidSpringAopConfiguration' of type [com.alibaba.druid.spring.boot.autoconfigure.stat.DruidSpringAopConfiguration] is not eligible for getting processed by all BeanPostProcessors (for example: not eligible for auto-proxying)
[2021-03-25 11:34:09] INFO  org.springframework.context.support.PostProcessorRegistrationDelegate$BeanPostProcessorChecker 327 postProcessAfterInitialization-Bean 'spring.datasource.druid-com.alibaba.druid.spring.boot.autoconfigure.properties.DruidStatProperties' of type [com.alibaba.druid.spring.boot.autoconfigure.properties.DruidStatProperties] is not eligible for getting processed by all BeanPostProcessors (for example: not eligible for auto-proxying)
[2021-03-25 11:34:09] INFO  org.springframework.context.support.PostProcessorRegistrationDelegate$BeanPostProcessorChecker 327 postProcessAfterInitialization-Bean 'advisor' of type [org.springframework.aop.support.RegexpMethodPointcutAdvisor] is not eligible for getting processed by all BeanPostProcessors (for example: not eligible for auto-proxying)
[2021-03-25 11:34:10] INFO  org.springframework.boot.context.embedded.tomcat.TomcatEmbeddedServletContainer 92 initialize-Tomcat initialized with port(s): 8080 (http)
[2021-03-25 11:34:10] INFO  org.apache.juli.logging.DirectJDKLog 180 log-Starting service [Tomcat]
[2021-03-25 11:34:10] INFO  org.apache.juli.logging.DirectJDKLog 180 log-Starting Servlet Engine: Apache Tomcat/8.5.29
[2021-03-25 11:34:10] INFO  org.apache.juli.logging.DirectJDKLog 180 log-Initializing Spring embedded WebApplicationContext
[2021-03-25 11:34:10] INFO  org.springframework.boot.context.embedded.EmbeddedWebApplicationContext 276 prepareEmbeddedWebApplicationContext-Root WebApplicationContext: initialization completed in 6983 ms
[2021-03-25 11:34:11] INFO  org.springframework.boot.web.servlet.ServletRegistrationBean 190 onStartup-Mapping servlet: 'dispatcherServlet' to [/]
[2021-03-25 11:34:11] INFO  org.springframework.boot.web.servlet.ServletRegistrationBean 190 onStartup-Mapping servlet: 'statViewServlet' to [/druid/*]
[2021-03-25 11:34:11] INFO  org.springframework.boot.web.servlet.AbstractFilterRegistrationBean 258 configure-Mapping filter: 'characterEncodingFilter' to: [/*]
[2021-03-25 11:34:11] INFO  org.springframework.boot.web.servlet.AbstractFilterRegistrationBean 258 configure-Mapping filter: 'hiddenHttpMethodFilter' to: [/*]
[2021-03-25 11:34:11] INFO  org.springframework.boot.web.servlet.AbstractFilterRegistrationBean 258 configure-Mapping filter: 'httpPutFormContentFilter' to: [/*]
[2021-03-25 11:34:11] INFO  org.springframework.boot.web.servlet.AbstractFilterRegistrationBean 258 configure-Mapping filter: 'requestContextFilter' to: [/*]
[2021-03-25 11:34:11] INFO  org.springframework.boot.web.servlet.AbstractFilterRegistrationBean 271 configure-Mapping filter: 'webStatFilter' to urls: [/*]
[2021-03-25 11:34:11] INFO  com.alibaba.druid.spring.boot.autoconfigure.DruidDataSourceAutoConfigure 56 dataSource-Init DruidDataSource
[2021-03-25 11:34:16] INFO  com.alibaba.druid.pool.DruidDataSource 986 init-{dataSource-1} inited
[2021-03-25 11:34:17] INFO  org.springframework.orm.jpa.LocalContainerEntityManagerFactoryBean 356 createNativeEntityManagerFactory-Building JPA container EntityManagerFactory for persistence unit 'default'
[2021-03-25 11:34:17] INFO  org.hibernate.Version 37 logVersion-HHH000412: Hibernate Core {5.0.12.Final}
[2021-03-25 11:34:17] INFO  org.hibernate.cfg.Environment 213 <clinit>-HHH000206: hibernate.properties not found
[2021-03-25 11:34:17] INFO  org.hibernate.cfg.Environment 317 buildBytecodeProvider-HHH000021: Bytecode provider name : javassist
[2021-03-25 11:34:17] INFO  org.hibernate.annotations.common.reflection.java.JavaReflectionManager 66 <clinit>-HCANN000001: Hibernate Commons Annotations {5.0.1.Final}
[2021-03-25 11:34:17] INFO  org.hibernate.dialect.Dialect 156 <init>-HHH000400: Using dialect: org.hibernate.dialect.MySQL5Dialect
[2021-03-25 11:34:19] INFO  org.hibernate.tool.hbm2ddl.SchemaExport 400 execute-HHH000227: Running hbm2ddl schema export
[2021-03-25 11:34:19] INFO  org.hibernate.tool.hbm2ddl.SchemaExport 464 execute-HHH000230: Schema export complete
[2021-03-25 11:34:19] INFO  org.springframework.orm.jpa.AbstractEntityManagerFactoryBean 414 buildNativeEntityManagerFactory-Initialized JPA EntityManagerFactory for persistence unit 'default'
[2021-03-25 11:34:23] INFO  org.springframework.web.servlet.mvc.method.annotation.RequestMappingHandlerAdapter 534 initControllerAdviceCache-Looking for @ControllerAdvice: org.springframework.boot.context.embedded.AnnotationConfigEmbeddedWebApplicationContext@683dbc2c: startup date [Thu Mar 25 11:34:03 MSK 2021]; root of context hierarchy
[2021-03-25 11:34:23] INFO  org.springframework.web.servlet.handler.AbstractHandlerMethodMapping$MappingRegistry 543 register-Mapped "{[/durid/stat],methods=[GET]}" onto public java.lang.Object com.alibaba.druid.spring.boot.demo.web.DruidStatController.druidStat()
[2021-03-25 11:34:23] INFO  org.springframework.web.servlet.handler.AbstractHandlerMethodMapping$MappingRegistry 543 register-Mapped "{[/users]}" onto public java.util.List<com.alibaba.druid.spring.boot.demo.model.User> com.alibaba.druid.spring.boot.demo.web.UserController.listUsers()
[2021-03-25 11:34:23] INFO  org.springframework.web.servlet.handler.AbstractHandlerMethodMapping$MappingRegistry 543 register-Mapped "{[/user/{id}]}" onto public com.alibaba.druid.spring.boot.demo.model.User com.alibaba.druid.spring.boot.demo.web.UserController.list(java.lang.Long)
[2021-03-25 11:34:23] INFO  org.springframework.web.servlet.handler.AbstractHandlerMethodMapping$MappingRegistry 543 register-Mapped "{[/error],produces=[text/html]}" onto public org.springframework.web.servlet.ModelAndView org.springframework.boot.autoconfigure.web.BasicErrorController.errorHtml(javax.servlet.http.HttpServletRequest,javax.servlet.http.HttpServletResponse)
[2021-03-25 11:34:23] INFO  org.springframework.web.servlet.handler.AbstractHandlerMethodMapping$MappingRegistry 543 register-Mapped "{[/error]}" onto public org.springframework.http.ResponseEntity<java.util.Map<java.lang.String, java.lang.Object>> org.springframework.boot.autoconfigure.web.BasicErrorController.error(javax.servlet.http.HttpServletRequest)
[2021-03-25 11:34:23] INFO  org.springframework.web.servlet.handler.AbstractUrlHandlerMapping 362 registerHandler-Mapped URL path [/webjars/**] onto handler of type [class org.springframework.web.servlet.resource.ResourceHttpRequestHandler]
[2021-03-25 11:34:23] INFO  org.springframework.web.servlet.handler.AbstractUrlHandlerMapping 362 registerHandler-Mapped URL path [/**] onto handler of type [class org.springframework.web.servlet.resource.ResourceHttpRequestHandler]
[2021-03-25 11:34:24] INFO  org.springframework.web.servlet.handler.AbstractUrlHandlerMapping 362 registerHandler-Mapped URL path [/**/favicon.ico] onto handler of type [class org.springframework.web.servlet.resource.ResourceHttpRequestHandler]
[2021-03-25 11:34:24] INFO  org.springframework.jmx.export.MBeanExporter 431 afterSingletonsInstantiated-Registering beans for JMX exposure on startup
[2021-03-25 11:34:24] INFO  org.springframework.jmx.export.MBeanExporter 918 autodetect-Bean with name 'statFilter' has been autodetected for JMX exposure
[2021-03-25 11:34:24] INFO  org.springframework.jmx.export.MBeanExporter 918 autodetect-Bean with name 'slf4jLogFilter' has been autodetected for JMX exposure
[2021-03-25 11:34:24] INFO  org.springframework.jmx.export.MBeanExporter 918 autodetect-Bean with name 'dataSource' has been autodetected for JMX exposure
[2021-03-25 11:34:24] INFO  org.springframework.jmx.export.MBeanExporter 672 registerBeanInstance-Located MBean 'slf4jLogFilter': registering with JMX server as MBean [com.alibaba.druid.filter.logging:name=slf4jLogFilter,type=Slf4jLogFilter]
[2021-03-25 11:34:24] INFO  org.springframework.jmx.export.MBeanExporter 672 registerBeanInstance-Located MBean 'dataSource': registering with JMX server as MBean [com.alibaba.druid.spring.boot.autoconfigure:name=dataSource,type=DruidDataSourceWrapper]
[2021-03-25 11:34:24] INFO  org.springframework.jmx.export.MBeanExporter 672 registerBeanInstance-Located MBean 'statFilter': registering with JMX server as MBean [com.alibaba.druid.filter.stat:name=statFilter,type=StatFilter]
[2021-03-25 11:34:24] INFO  org.springframework.boot.context.embedded.tomcat.TomcatEmbeddedServletContainer 216 start-Tomcat started on port(s): 8080 (http)
[2021-03-25 11:34:24] INFO  org.springframework.boot.StartupInfoLogger 57 logStarted-Started DemoApplication in 22.078 seconds (JVM running for 24.451)
[2021-03-25 11:36:12] INFO  org.apache.juli.logging.DirectJDKLog 180 log-Initializing Spring FrameworkServlet 'dispatcherServlet'
[2021-03-25 11:36:12] INFO  org.springframework.web.servlet.FrameworkServlet 489 initServletBean-FrameworkServlet 'dispatcherServlet': initialization started
[2021-03-25 11:36:12] INFO  org.springframework.web.servlet.FrameworkServlet 508 initServletBean-FrameworkServlet 'dispatcherServlet': initialization completed in 66 ms
